<?xml version="1.0" encoding="UTF-8"?>
<testsuite name="com.hibernate.example_h2.ExampleH2ApplicationTests" tests="1" skipped="0" failures="0" errors="0" timestamp="2025-05-12T16:11:54" hostname="Aruns-MacBook-Air.local" time="0.27">
  <properties/>
  <testcase name="contextLoads()" classname="com.hibernate.example_h2.ExampleH2ApplicationTests" time="0.27"/>
  <system-out><![CDATA[21:41:52.121 [Test worker] INFO org.springframework.test.context.support.AnnotationConfigContextLoaderUtils -- Could not detect default configuration classes for test class [com.hibernate.example_h2.ExampleH2ApplicationTests]: ExampleH2ApplicationTests does not declare any static, non-private, non-final, nested classes annotated with @Configuration.
21:41:52.167 [Test worker] INFO org.springframework.boot.test.context.SpringBootTestContextBootstrapper -- Found @SpringBootConfiguration com.hibernate.example_h2.ExampleH2Application for test class com.hibernate.example_h2.ExampleH2ApplicationTests

  .   ____          _            __ _ _
 /\\ / ___'_ __ _ _(_)_ __  __ _ \ \ \ \
( ( )\___ | '_ | '_| | '_ \/ _` | \ \ \ \
 \\/  ___)| |_)| | | | | || (_| |  ) ) ) )
  '  |____| .__|_| |_|_| |_\__, | / / / /
 =========|_|==============|___/=/_/_/_/

 :: Spring Boot ::                (v3.4.0)

2025-05-12T21:41:52.360+05:30  INFO 7089 --- [example-h2] [    Test worker] c.h.e.ExampleH2ApplicationTests          : Starting ExampleH2ApplicationTests using Java 17.0.7 with PID 7089 (started by arun in /Users/arun/Downloads/example-h2)
2025-05-12T21:41:52.361+05:30  INFO 7089 --- [example-h2] [    Test worker] c.h.e.ExampleH2ApplicationTests          : No active profile set, falling back to 1 default profile: "default"
2025-05-12T21:41:52.678+05:30  INFO 7089 --- [example-h2] [    Test worker] .s.d.r.c.RepositoryConfigurationDelegate : Multiple Spring Data modules found, entering strict repository configuration mode
2025-05-12T21:41:52.679+05:30  INFO 7089 --- [example-h2] [    Test worker] .s.d.r.c.RepositoryConfigurationDelegate : Bootstrapping Spring Data JDBC repositories in DEFAULT mode.
2025-05-12T21:41:52.693+05:30  INFO 7089 --- [example-h2] [    Test worker] .RepositoryConfigurationExtensionSupport : Spring Data JDBC - Could not safely identify store assignment for repository candidate interface com.hibernate.example_h2.repo.AddressRepository; If you want this repository to be a JDBC repository, consider annotating your entities with one of these annotations: org.springframework.data.relational.core.mapping.Table.
2025-05-12T21:41:52.694+05:30  INFO 7089 --- [example-h2] [    Test worker] .RepositoryConfigurationExtensionSupport : Spring Data JDBC - Could not safely identify store assignment for repository candidate interface com.hibernate.example_h2.repo.UserRepository; If you want this repository to be a JDBC repository, consider annotating your entities with one of these annotations: org.springframework.data.relational.core.mapping.Table.
2025-05-12T21:41:52.694+05:30  INFO 7089 --- [example-h2] [    Test worker] .s.d.r.c.RepositoryConfigurationDelegate : Finished Spring Data repository scanning in 12 ms. Found 0 JDBC repository interfaces.
2025-05-12T21:41:52.700+05:30  INFO 7089 --- [example-h2] [    Test worker] .s.d.r.c.RepositoryConfigurationDelegate : Multiple Spring Data modules found, entering strict repository configuration mode
2025-05-12T21:41:52.700+05:30  INFO 7089 --- [example-h2] [    Test worker] .s.d.r.c.RepositoryConfigurationDelegate : Bootstrapping Spring Data JPA repositories in DEFAULT mode.
2025-05-12T21:41:52.714+05:30  INFO 7089 --- [example-h2] [    Test worker] .s.d.r.c.RepositoryConfigurationDelegate : Finished Spring Data repository scanning in 11 ms. Found 2 JPA repository interfaces.
2025-05-12T21:41:52.880+05:30  INFO 7089 --- [example-h2] [    Test worker] com.zaxxer.hikari.HikariDataSource       : HikariPool-1 - Starting...
2025-05-12T21:41:52.953+05:30  INFO 7089 --- [example-h2] [    Test worker] com.zaxxer.hikari.pool.HikariPool        : HikariPool-1 - Added connection conn0: url=jdbc:h2:mem:testdb user=SA
2025-05-12T21:41:52.954+05:30  INFO 7089 --- [example-h2] [    Test worker] com.zaxxer.hikari.HikariDataSource       : HikariPool-1 - Start completed.
2025-05-12T21:41:53.012+05:30  INFO 7089 --- [example-h2] [    Test worker] o.hibernate.jpa.internal.util.LogHelper  : HHH000204: Processing PersistenceUnitInfo [name: default]
2025-05-12T21:41:53.035+05:30  INFO 7089 --- [example-h2] [    Test worker] org.hibernate.Version                    : HHH000412: Hibernate ORM core version 6.6.2.Final
2025-05-12T21:41:53.051+05:30  INFO 7089 --- [example-h2] [    Test worker] o.h.c.internal.RegionFactoryInitiator    : HHH000026: Second-level cache disabled
2025-05-12T21:41:53.166+05:30  INFO 7089 --- [example-h2] [    Test worker] o.s.o.j.p.SpringPersistenceUnitInfo      : No LoadTimeWeaver setup: ignoring JPA class transformer
2025-05-12T21:41:53.199+05:30  INFO 7089 --- [example-h2] [    Test worker] org.hibernate.orm.connections.pooling    : HHH10001005: Database info:
	Database JDBC URL [Connecting through datasource 'HikariDataSource (HikariPool-1)']
	Database driver: undefined/unknown
	Database version: 2.3.232
	Autocommit mode: undefined/unknown
	Isolation level: undefined/unknown
	Minimum pool size: undefined/unknown
	Maximum pool size: undefined/unknown
2025-05-12T21:41:53.561+05:30  INFO 7089 --- [example-h2] [    Test worker] o.h.e.t.j.p.i.JtaPlatformInitiator       : HHH000489: No JTA platform available (set 'hibernate.transaction.jta.platform' to enable JTA platform integration)
2025-05-12T21:41:53.562+05:30  INFO 7089 --- [example-h2] [    Test worker] j.LocalContainerEntityManagerFactoryBean : Initialized JPA EntityManagerFactory for persistence unit 'default'
2025-05-12T21:41:53.869+05:30  WARN 7089 --- [example-h2] [    Test worker] JpaBaseConfiguration$JpaWebConfiguration : spring.jpa.open-in-view is enabled by default. Therefore, database queries may be performed during view rendering. Explicitly configure spring.jpa.open-in-view to disable this warning
2025-05-12T21:41:54.071+05:30  INFO 7089 --- [example-h2] [    Test worker] o.s.b.a.h2.H2ConsoleAutoConfiguration    : H2 console available at '/h2-console'. Database available at 'jdbc:h2:mem:testdb'
2025-05-12T21:41:54.106+05:30  INFO 7089 --- [example-h2] [    Test worker] c.h.e.ExampleH2ApplicationTests          : Started ExampleH2ApplicationTests in 1.871 seconds (process running for 2.424)
]]></system-out>
  <system-err><![CDATA[]]></system-err>
</testsuite>
